<!DOCTYPE html>

<html>
    <head>
        <title></title>
    </head>
    <body>
		Server exception
Project "cloudclub.tmp.proj" (default targets):
 Warning: Cannot include the following item(s) in your application: bower_components\everlive\.bower.json;bower_components\everlive\.gitattributes. The build system treats items with a leading dot as hidden files or directories and does not process them. If you want to include these items in your application package, rename them and rebuild your app.
 android Build Tooling revision 2016.05.03.3r
 Warning: Note: Some input files use or override a deprecated API.
 Warning: Note: Recompile with -Xlint:deprecation for details.
 Warning: Note: Some input files use or override a deprecated API.
 Warning: Note: Recompile with -Xlint:deprecation for details.
 Warning: AAPT out(1023253114) : No Delegate set : lost message:Done
 Warning: AAPT out(1526828617) : No Delegate set : lost message:Done
 Warning: AAPT out(521630642) : No Delegate set : lost message:Done
 Warning: AAPT out(1997991414) : No Delegate set : lost message:Crunching /tmp/builds/PMZR1yb37gz9QW11Js/app/build/intermediates/exploded-aar/com.android.support/appcompat-v7/22.2.1/res/drawable-hdpi/abc_btn_radio_to_on_mtrl_000.png
 Warning: AAPT out(1997991414) : No Delegate set : lost message:Crunching single PNG file: /tmp/builds/PMZR1yb37gz9QW11Js/app/build/intermediates/exploded-aar/com.android.support/appcompat-v7/22.2.1/res/drawable-hdpi/abc_btn_radio_to_on_mtrl_000.png
 Warning: AAPT out(1997991414) : No Delegate set : lost message:	Output file: /tmp/builds/PMZR1yb37gz9QW11Js/app/build/intermediates/res/merged/armv7/debug/drawable-hdpi/abc_btn_radio_to_on_mtrl_000.png
 Warning: AAPT out(1997991414) : No Delegate set : lost message:Done
 Warning: AAPT out(1068700874) : No Delegate set : lost message:Done
 Warning: AAPT out(1068700874) : No Delegate set : lost message:Done
 Warning: AAPT out(185090442) : No Delegate set : lost message:Crunching /tmp/builds/PMZR1yb37gz9QW11Js/app/build/intermediates/exploded-aar/com.google.android.gms/play-services-base/9.0.1/res/drawable-xxhdpi-v4/common_plus_signin_btn_text_light_focused.9.png
 Warning: AAPT out(185090442) : No Delegate set : lost message:Crunching single PNG file: /tmp/builds/PMZR1yb37gz9QW11Js/app/build/intermediates/exploded-aar/com.google.android.gms/play-services-base/9.0.1/res/drawable-xxhdpi-v4/common_plus_signin_btn_text_light_focused.9.png
 Warning: AAPT out(185090442) : No Delegate set : lost message:	Output file: /tmp/builds/PMZR1yb37gz9QW11Js/app/build/intermediates/res/merged/armv7/debug/drawable-xxhdpi-v4/common_plus_signin_btn_text_light_focused.9.png
 Warning: AAPT out(185090442) : No Delegate set : lost message:Done
 Warning: AAPT out(521630642) : No Delegate set : lost message:Done
 Warning: AAPT out(1526828617) : No Delegate set : lost message:Done
 Warning: AAPT out(728571534) : No Delegate set : lost message:Done
 Warning: AAPT out(1127553248) : No Delegate set : lost message:Done
 Warning: AAPT out(121299242) : No Delegate set : lost message:Done
 Warning: AAPT out(1610744197) : No Delegate set : lost message:Crunching /tmp/builds/PMZR1yb37gz9QW11Js/app/build/intermediates/exploded-aar/com.google.android.gms/play-services-base/9.0.1/res/drawable-tvdpi-v4/common_google_signin_btn_text_light_pressed.9.png
 Warning: AAPT out(521630642) : No Delegate set : lost message:Crunching /tmp/builds/PMZR1yb37gz9QW11Js/app/build/intermediates/exploded-aar/com.android.support/appcompat-v7/22.2.1/res/drawable-mdpi/abc_textfield_search_activated_mtrl_alpha.9.png
 Warning: AAPT out(521630642) : No Delegate set : lost message:Crunching single PNG file: /tmp/builds/PMZR1yb37gz9QW11Js/app/build/intermediates/exploded-aar/com.android.support/appcompat-v7/22.2.1/res/drawable-mdpi/abc_textfield_search_activated_mtrl_alpha.9.png
 Warning: AAPT out(521630642) : No Delegate set : lost message:	Output file: /tmp/builds/PMZR1yb37gz9QW11Js/app/build/intermediates/res/merged/armv7/debug/drawable-mdpi/abc_textfield_search_activated_mtrl_alpha.9.png
 Warning: AAPT out(521630642) : No Delegate set : lost message:Done
 Warning: AAPT out(1610744197) : No Delegate set : lost message:Crunching single PNG file: /tmp/builds/PMZR1yb37gz9QW11Js/app/build/intermediates/exploded-aar/com.google.android.gms/play-services-base/9.0.1/res/drawable-tvdpi-v4/common_google_signin_btn_text_light_pressed.9.png
 Warning: AAPT out(1610744197) : No Delegate set : lost message:	Output file: /tmp/builds/PMZR1yb37gz9QW11Js/app/build/intermediates/res/merged/armv7/debug/drawable-tvdpi-v4/common_google_signin_btn_text_light_pressed.9.png
 Warning: AAPT out(1610744197) : No Delegate set : lost message:Done
 Warning: AAPT out(1074453414) : No Delegate set : lost message:Crunching /tmp/builds/PMZR1yb37gz9QW11Js/app/build/intermediates/exploded-aar/com.android.support/appcompat-v7/22.2.1/res/drawable-ldrtl-xxxhdpi/abc_ic_menu_cut_mtrl_alpha.png
 Warning: AAPT out(1949011512) : No Delegate set : lost message:Crunching /tmp/builds/PMZR1yb37gz9QW11Js/app/build/intermediates/exploded-aar/com.google.android.gms/play-services-base/9.0.1/res/drawable-hdpi-v4/common_plus_signin_btn_text_light_normal.9.png
 Warning: AAPT out(1074453414) : No Delegate set : lost message:Crunching single PNG file: /tmp/builds/PMZR1yb37gz9QW11Js/app/build/intermediates/exploded-aar/com.android.support/appcompat-v7/22.2.1/res/drawable-ldrtl-xxxhdpi/abc_ic_menu_cut_mtrl_alpha.png
 Warning: AAPT out(1074453414) : No Delegate set : lost message:	Output file: /tmp/builds/PMZR1yb37gz9QW11Js/app/build/intermediates/res/merged/armv7/debug/drawable-ldrtl-xxxhdpi/abc_ic_menu_cut_mtrl_alpha.png
 Warning: AAPT out(1074453414) : No Delegate set : lost message:Done
 Warning: AAPT out(1127553248) : No Delegate set : lost message:Crunching /tmp/builds/PMZR1yb37gz9QW11Js/app/build/intermediates/exploded-aar/com.android.support/appcompat-v7/22.2.1/res/drawable-hdpi/abc_btn_rating_star_off_mtrl_alpha.png
 Warning: AAPT out(1068700874) : No Delegate set : lost message:Crunching /tmp/builds/PMZR1yb37gz9QW11Js/app/build/intermediates/exploded-aar/com.android.support/appcompat-v7/22.2.1/res/drawable-xxxhdpi/abc_btn_switch_to_on_mtrl_00012.9.png
 Warning: AAPT out(1127553248) : No Delegate set : lost message:Crunching single PNG file: /tmp/builds/PMZR1yb37gz9QW11Js/app/build/intermediates/exploded-aar/com.android.support/appcompat-v7/22.2.1/res/drawable-hdpi/abc_btn_rating_star_off_mtrl_alpha.png
 Warning: AAPT out(1127553248) : No Delegate set : lost message:	Output file: /tmp/builds/PMZR1yb37gz9QW11Js/app/build/intermediates/res/merged/armv7/debug/drawable-hdpi/abc_btn_rating_star_off_mtrl_alpha.png
 Warning: AAPT out(1127553248) : No Delegate set : lost message:Done
 Warning: AAPT out(1949011512) : No Delegate set : lost message:Crunching single PNG file: /tmp/builds/PMZR1yb37gz9QW11Js/app/build/intermediates/exploded-aar/com.google.android.gms/play-services-base/9.0.1/res/drawable-hdpi-v4/common_plus_signin_btn_text_light_normal.9.png
 Warning: AAPT out(1949011512) : No Delegate set : lost message:	Output file: /tmp/builds/PMZR1yb37gz9QW11Js/app/build/intermediates/res/merged/armv7/debug/drawable-hdpi-v4/common_plus_signin_btn_text_light_normal.9.png
 Warning: AAPT out(1949011512) : No Delegate set : lost message:Done
 Warning: AAPT out(1068700874) : No Delegate set : lost message:Crunching single PNG file: /tmp/builds/PMZR1yb37gz9QW11Js/app/build/intermediates/exploded-aar/com.android.support/appcompat-v7/22.2.1/res/drawable-xxxhdpi/abc_btn_switch_to_on_mtrl_00012.9.png
 Warning: AAPT out(1068700874) : No Delegate set : lost message:	Output file: /tmp/builds/PMZR1yb37gz9QW11Js/app/build/intermediates/res/merged/armv7/debug/drawable-xxxhdpi/abc_btn_switch_to_on_mtrl_00012.9.png
 Warning: AAPT out(1068700874) : No Delegate set : lost message:Done
 Warning: /tmp/builds/PMZR1yb37gz9QW11Js/app/build/intermediates/manifests/full/armv7/debug/AndroidManifest.xml:42:23-37 : No resource found that matches the given name (at 'icon' with value '@drawable/icon').
 Warning: FAILURE: Build failed with an exception.
 Warning: * What went wrong: Execution failed for task ':processArmv7DebugResources'. > com.android.ide.common.process.ProcessException: org.gradle.process.internal.ExecException: Process 'command '/home/builder/android-sdk-linux/build-tools/23.0.1/aapt'' finished with non-zero exit value 1 * Try: Run with --stacktrace option to get the stack trace. Run with --info or --debug option to get more log output.
 Warning: /tmp/builds/PMZR1yb37gz9QW11Js/app/cordova/node_modules/q/q.js:126 throw e; ^ Error code 1 for command: /tmp/builds/PMZR1yb37gz9QW11Js/app/gradlew with args: cdvBuildDebug,-b,/tmp/builds/PMZR1yb37gz9QW11Js/app/build.gradle,-Dorg.gradle.daemon=true,-PcdvBuildArch=armv7,-PcdvBuildMultipleApks=true
 Error: AAPT: libpng error: Not a PNG file
 Error: AAPT: libpng error: Not a PNG file
 Error: AAPT: libpng error: Not a PNG file
 Error: AAPT: libpng error: Not a PNG file
 Error: AAPT: libpng error: Not a PNG file
 Error: AAPT: libpng error: Not a PNG file
 Error: AAPT: libpng error: Not a PNG file
 Error: AAPT: libpng error: Not a PNG file
 Error: AAPT: libpng error: Not a PNG file
 Error: AAPT: libpng error: Not a PNG file
 Error: AAPT: libpng error: Not a PNG file
 Error: AAPT: libpng error: Not a PNG file
 Error: AAPT: libpng error: Not a PNG file
 Error: AAPT: libpng error: Not a PNG file
 Error: AAPT: libpng error: Not a PNG file
 Error: AAPT: libpng error: Not a PNG file
 Error: AAPT: libpng error: Not a PNG file
 Error: AAPT: libpng error: Not a PNG file
 Error: Build failed during execution
 Error: 'Build failed with error code 1'
 Done building project "cloudclub.tmp.proj" -- FAILED.

		Removed AdMob plugin on 4/8/2016 to fix this build problem
		Server exception
Project "cloudclub.tmp.proj" (default targets):
 Warning: Cannot include the following item(s) in your application: bower_components\everlive\.bower.json;bower_components\everlive\.gitattributes. The build system treats items with a leading dot as hidden files or directories and does not process them. If you want to include these items in your application package, rename them and rebuild your app.
 android Build Tooling revision 2016.03.01.1r
 Warning: Note: Some input files use or override a deprecated API.
 Warning: Note: Recompile with -Xlint:deprecation for details.
 Warning: Note: /home/builder/BpcTooling/Cordova3/Plugins/com.telerik.LiveSync/src/android/LiveSync-Lib/LiveSync-Lib/src/com/telerik/LiveSync/CloudSync.java uses or overrides a deprecated API.
 Warning: Note: Recompile with -Xlint:deprecation for details.
 Warning: Note: Some input files use or override a deprecated API.
 Warning: Note: Recompile with -Xlint:deprecation for details.
 Warning: Note: /home/builder/BpcTooling/Cordova3/Plugins/com.telerik.LiveSync/src/android/LiveSync-Lib/LiveSync-Lib/src/com/telerik/LiveSync/CloudSync.java uses or overrides a deprecated API.
 Warning: Note: Recompile with -Xlint:deprecation for details.
 Warning: /tmp/builds/nyVdqI6iI9nNO25h5D/app/src/com/rjfun/cordova/admob/AdMobPlugin.java:29: error: AdMobPlugin is not abstract and does not override abstract method __showRewardVideoAd(Object) in GenericAdPlugin
 Warning: public class AdMobPlugin extends GenericAdPlugin {
 Warning: ^
 Warning: Note: Some input files use or override a deprecated API.
 Warning: Note: Recompile with -Xlint:deprecation for details.
 Warning: Note: Some input files use unchecked or unsafe operations.
 Warning: Note: Recompile with -Xlint:unchecked for details.
 Warning: 1 error
 Warning: FAILURE:
 Warning: Build failed with an exception.
 Warning: * What went wrong:
 Warning: Execution failed for task ':compileArmv7DebugJavaWithJavac'.
 Warning: > Compilation failed; see the compiler error output for details. * Try: Run with --stacktrace option to get the stack trace. Run with --info or --debug option to get more log output.
 Warning: /tmp/builds/nyVdqI6iI9nNO25h5D/app/cordova/node_modules/q/q.js:126 throw e; ^ Error code 1 for command: /tmp/builds/nyVdqI6iI9nNO25h5D/app/gradlew with args: cdvBuildDebug,-b,/tmp/builds/nyVdqI6iI9nNO25h5D/app/build.gradle,-Dorg.gradle.daemon=true,-PcdvBuildArch=armv7,-PcdvBuildMultipleApks=true
 Error: Build failed during execution
 Error: 'Build failed with error code 1'
 Done building project "cloudclub.tmp.proj" -- FAILED.
</body>
</html>